{event.time}:Key {event.name} pressed (Code:{scan_code}{event.time}:Key {event.name} pressed (Code:{scan_code}{event.time}:Key {event.name} pressed (Code:{scan_code}{event.time}:Key {event.name} pressed (Code:{scan_code}{event.time}:Key {event.name} pressed (Code:{scan_code}{event.time}:Key {event.name} pressed (Code:{scan_code}{event.time}:Key {event.name} pressed (Code:{scan_code}{event.time}:Key {event.name} pressed (Code:{scan_code}{event.time}:Key {event.name} pressed (Code:{scan_code}{event.time}:Key {event.name} pressed (Code:{scan_code}{event.time}:Key {event.name} pressed (Code:{scan_code}{event.time}:Key {event.name} pressed (Code:{scan_code}{event.time}:Key {event.name} pressed (Code:{scan_code}
1619454073.40178:Key j pressed (Code:36
1619454074.02853:Key f pressed (Code:33
1619454074.334114:Key k pressed (Code:37
1619454074.562479:Key s pressed (Code:31
1619454074.827795:Key l pressed (Code:38
1619454075.733776:Key tab pressed (Code:15
1619454076.150956:Key caps lock pressed (Code:58
1619454076.524911:Key caps lock pressed (Code:58
1619454078.38779:Key shift pressed (Code:54
1619454078.715893:Key shift pressed (Code:54
1619454079.606035:Key shift pressed (Code:42
1619454079.811414:Key : pressed (Code:52
1619454082.383784:Key : pressed (Code:52
1619454082.597226:Key shift pressed (Code:42
1619454082.704958:Key : pressed (Code:52
1619454083.284235:Key ! pressed (Code:53
1619454083.94909:Key shift pressed (Code:42
1619454084.122653:Key ! pressed (Code:53
1619454085.075034:Key ; pressed (Code:51
1619454085.259007:Key shift pressed (Code:42
1619454085.408611:Key ; pressed (Code:51
1619454085.830926:Key , pressed (Code:50
1619454086.060225:Key shift pressed (Code:42
1619454086.228945:Key , pressed (Code:50
1619454087.734995:Key ˆ pressed (Code:26
1619454088.167947:Key shift pressed (Code:42
1619454088.434712:Key ˆ pressed (Code:26
1619454089.262543:Key $ pressed (Code:27
1619454089.452771:Key shift pressed (Code:42
1619454089.632221:Key $ pressed (Code:27
1619454090.359263:Key * pressed (Code:43
1619454090.690415:Key shift pressed (Code:42
1619454091.022039:Key * pressed (Code:43
1619454092.921582:Key ù pressed (Code:40
1619454093.181965:Key shift pressed (Code:42
1619454093.459636:Key ù pressed (Code:40
1619454094.157429:Key m pressed (Code:39
1619454094.41786:Key shift pressed (Code:42
1619454094.682069:Key m pressed (Code:39
1619454095.23209:Key l pressed (Code:38
1619454095.457998:Key shift pressed (Code:42
1619454095.745169:Key l pressed (Code:38
1619454096.162768:Key k pressed (Code:37
1619454096.40649:Key shift pressed (Code:42
1619454096.590987:Key k pressed (Code:37
1619454097.40904:Key ctrl pressed (Code:29
1619454097.537198:Key c pressed (Code:46
1619460628.991612:Key f pressed (Code:33)
1619460629.654792:Key d pressed (Code:32)
1619460629.994308:Key g pressed (Code:34)
1619460630.330907:Key s pressed (Code:31)
1619460630.70179:Key q pressed (Code:30)
1619460631.871255:Key e pressed (Code:18)
1619460633.12233:Key v pressed (Code:47)
1619460634.41053:Key ctrl pressed (Code:29)
1619460634.476394:Key c pressed (Code:46)